[2023-05-30 19:24:43] local.ERROR: Uncaught InvalidArgumentException: Please provide a valid cache path. in C:\Users\MFArief\Documents\project\laravel\hedgecare\vendor\laravel\framework\src\Illuminate\View\Compilers\Compiler.php:66
Stack trace:
#0 C:\Users\MFArief\Documents\project\laravel\hedgecare\vendor\laravel\framework\src\Illuminate\View\ViewServiceProvider.php(96): Illuminate\View\Compilers\Compiler->__construct()
#1 C:\Users\MFArief\Documents\project\laravel\hedgecare\vendor\laravel\framework\src\Illuminate\Container\Container.php(885): Illuminate\View\ViewServiceProvider->Illuminate\View\{closure}()
#2 C:\Users\MFArief\Documents\project\laravel\hedgecare\vendor\laravel\framework\src\Illuminate\Container\Container.php(770): Illuminate\Container\Container->build()
#3 C:\Users\MFArief\Documents\project\laravel\hedgecare\vendor\laravel\framework\src\Illuminate\Foundation\Application.php(856): Illuminate\Container\Container->resolve()
#4 C:\Users\MFArief\Documents\project\laravel\hedgecare\vendor\laravel\framework\src\Illuminate\Container\Container.php(706): Illuminate\Foundation\Application->resolve()
#5 C:\Users\MFArief\Documents\project\laravel\hedgecare\vendor\laravel\framework\src\Illuminate\Foundation\Application.php(841): Illuminate\Container\Container->make()
#6 C:\Users\MFArief\Documents\project\laravel\hedgecare\vendor\laravel\framework\src\Illuminate\Foundation\helpers.php(120): Illuminate\Foundation\Application->make()
#7 Command line code(1): app()
#8 {main}
  thrown {"exception":"[object] (Symfony\\Component\\ErrorHandler\\Error\\FatalError(code: 0): Uncaught InvalidArgumentException: Please provide a valid cache path. in C:\\Users\\MFArief\\Documents\\project\\laravel\\hedgecare\\vendor\\laravel\\framework\\src\\Illuminate\\View\\Compilers\\Compiler.php:66
Stack trace:
#0 C:\\Users\\MFArief\\Documents\\project\\laravel\\hedgecare\\vendor\\laravel\\framework\\src\\Illuminate\\View\\ViewServiceProvider.php(96): Illuminate\\View\\Compilers\\Compiler->__construct()
#1 C:\\Users\\MFArief\\Documents\\project\\laravel\\hedgecare\\vendor\\laravel\\framework\\src\\Illuminate\\Container\\Container.php(885): Illuminate\\View\\ViewServiceProvider->Illuminate\\View\\{closure}()
#2 C:\\Users\\MFArief\\Documents\\project\\laravel\\hedgecare\\vendor\\laravel\\framework\\src\\Illuminate\\Container\\Container.php(770): Illuminate\\Container\\Container->build()
#3 C:\\Users\\MFArief\\Documents\\project\\laravel\\hedgecare\\vendor\\laravel\\framework\\src\\Illuminate\\Foundation\\Application.php(856): Illuminate\\Container\\Container->resolve()
#4 C:\\Users\\MFArief\\Documents\\project\\laravel\\hedgecare\\vendor\\laravel\\framework\\src\\Illuminate\\Container\\Container.php(706): Illuminate\\Foundation\\Application->resolve()
#5 C:\\Users\\MFArief\\Documents\\project\\laravel\\hedgecare\\vendor\\laravel\\framework\\src\\Illuminate\\Foundation\\Application.php(841): Illuminate\\Container\\Container->make()
#6 C:\\Users\\MFArief\\Documents\\project\\laravel\\hedgecare\\vendor\\laravel\\framework\\src\\Illuminate\\Foundation\\helpers.php(120): Illuminate\\Foundation\\Application->make()
#7 Command line code(1): app()
#8 {main}
  thrown at C:\\Users\\MFArief\\Documents\\project\\laravel\\hedgecare\\vendor\\laravel\\framework\\src\\Illuminate\\View\\Compilers\\Compiler.php:66)
[stacktrace]
#0 {main}
"} 
[2023-05-30 19:29:00] local.ERROR: Unable to create a directory at C:\Users\MFArief\Documents\project\laravel\hedgecare../\app. {"userId":1,"exception":"[object] (League\\Flysystem\\UnableToCreateDirectory(code: 0): Unable to create a directory at C:\\Users\\MFArief\\Documents\\project\\laravel\\hedgecare../\\app. at C:\\Users\\MFArief\\Documents\\project\\laravel\\hedgecare\\vendor\\league\\flysystem\\src\\UnableToCreateDirectory.php:18)
[stacktrace]
#0 C:\\Users\\MFArief\\Documents\\project\\laravel\\hedgecare\\vendor\\league\\flysystem-local\\LocalFilesystemAdapter.php(313): League\\Flysystem\\UnableToCreateDirectory::atLocation()
#1 C:\\Users\\MFArief\\Documents\\project\\laravel\\hedgecare\\vendor\\league\\flysystem-local\\LocalFilesystemAdapter.php(97): League\\Flysystem\\Local\\LocalFilesystemAdapter->ensureDirectoryExists()
#2 C:\\Users\\MFArief\\Documents\\project\\laravel\\hedgecare\\vendor\\league\\flysystem-local\\LocalFilesystemAdapter.php(87): League\\Flysystem\\Local\\LocalFilesystemAdapter->ensureRootDirectoryExists()
#3 C:\\Users\\MFArief\\Documents\\project\\laravel\\hedgecare\\vendor\\laravel\\framework\\src\\Illuminate\\Filesystem\\FilesystemManager.php(183): League\\Flysystem\\Local\\LocalFilesystemAdapter->__construct()
#4 C:\\Users\\MFArief\\Documents\\project\\laravel\\hedgecare\\vendor\\laravel\\framework\\src\\Illuminate\\Filesystem\\FilesystemManager.php(152): Illuminate\\Filesystem\\FilesystemManager->createLocalDriver()
#5 C:\\Users\\MFArief\\Documents\\project\\laravel\\hedgecare\\vendor\\laravel\\framework\\src\\Illuminate\\Filesystem\\FilesystemManager.php(120): Illuminate\\Filesystem\\FilesystemManager->resolve()
#6 C:\\Users\\MFArief\\Documents\\project\\laravel\\hedgecare\\vendor\\laravel\\framework\\src\\Illuminate\\Filesystem\\FilesystemManager.php(83): Illuminate\\Filesystem\\FilesystemManager->get()
#7 C:\\Users\\MFArief\\Documents\\project\\laravel\\hedgecare\\vendor\\laravel\\framework\\src\\Illuminate\\Filesystem\\FilesystemManager.php(427): Illuminate\\Filesystem\\FilesystemManager->disk()
#8 C:\\Users\\MFArief\\Documents\\project\\laravel\\hedgecare\\vendor\\laravel\\framework\\src\\Illuminate\\Support\\Facades\\Facade.php(338): Illuminate\\Filesystem\\FilesystemManager->__call()
#9 C:\\Users\\MFArief\\Documents\\project\\laravel\\hedgecare\\app\\Http\\Controllers\\AuthController.php(192): Illuminate\\Support\\Facades\\Facade::__callStatic()
#10 C:\\Users\\MFArief\\Documents\\project\\laravel\\hedgecare\\vendor\\laravel\\framework\\src\\Illuminate\\Routing\\Controller.php(54): App\\Http\\Controllers\\AuthController->updateProfile()
#11 C:\\Users\\MFArief\\Documents\\project\\laravel\\hedgecare\\vendor\\laravel\\framework\\src\\Illuminate\\Routing\\ControllerDispatcher.php(43): Illuminate\\Routing\\Controller->callAction()
#12 C:\\Users\\MFArief\\Documents\\project\\laravel\\hedgecare\\vendor\\laravel\\framework\\src\\Illuminate\\Routing\\Route.php(259): Illuminate\\Routing\\ControllerDispatcher->dispatch()
#13 C:\\Users\\MFArief\\Documents\\project\\laravel\\hedgecare\\vendor\\laravel\\framework\\src\\Illuminate\\Routing\\Route.php(205): Illuminate\\Routing\\Route->runController()
#14 C:\\Users\\MFArief\\Documents\\project\\laravel\\hedgecare\\vendor\\laravel\\framework\\src\\Illuminate\\Routing\\Router.php(798): Illuminate\\Routing\\Route->run()
#15 C:\\Users\\MFArief\\Documents\\project\\laravel\\hedgecare\\vendor\\laravel\\framework\\src\\Illuminate\\Pipeline\\Pipeline.php(141): Illuminate\\Routing\\Router->Illuminate\\Routing\\{closure}()
#16 C:\\Users\\MFArief\\Documents\\project\\laravel\\hedgecare\\vendor\\laravel\\framework\\src\\Illuminate\\Routing\\Middleware\\SubstituteBindings.php(50): Illuminate\\Pipeline\\Pipeline->Illuminate\\Pipeline\\{closure}()
#17 C:\\Users\\MFArief\\Documents\\project\\laravel\\hedgecare\\vendor\\laravel\\framework\\src\\Illuminate\\Pipeline\\Pipeline.php(180): Illuminate\\Routing\\Middleware\\SubstituteBindings->handle()
#18 C:\\Users\\MFArief\\Documents\\project\\laravel\\hedgecare\\vendor\\laravel\\framework\\src\\Illuminate\\Routing\\Middleware\\ThrottleRequests.php(126): Illuminate\\Pipeline\\Pipeline->Illuminate\\Pipeline\\{closure}()
#19 C:\\Users\\MFArief\\Documents\\project\\laravel\\hedgecare\\vendor\\laravel\\framework\\src\\Illuminate\\Routing\\Middleware\\ThrottleRequests.php(92): Illuminate\\Routing\\Middleware\\ThrottleRequests->handleRequest()
#20 C:\\Users\\MFArief\\Documents\\project\\laravel\\hedgecare\\vendor\\laravel\\framework\\src\\Illuminate\\Routing\\Middleware\\ThrottleRequests.php(54): Illuminate\\Routing\\Middleware\\ThrottleRequests->handleRequestUsingNamedLimiter()
#21 C:\\Users\\MFArief\\Documents\\project\\laravel\\hedgecare\\vendor\\laravel\\framework\\src\\Illuminate\\Pipeline\\Pipeline.php(180): Illuminate\\Routing\\Middleware\\ThrottleRequests->handle()
#22 C:\\Users\\MFArief\\Documents\\project\\laravel\\hedgecare\\vendor\\laravel\\framework\\src\\Illuminate\\Auth\\Middleware\\Authenticate.php(44): Illuminate\\Pipeline\\Pipeline->Illuminate\\Pipeline\\{closure}()
#23 C:\\Users\\MFArief\\Documents\\project\\laravel\\hedgecare\\vendor\\laravel\\framework\\src\\Illuminate\\Pipeline\\Pipeline.php(180): Illuminate\\Auth\\Middleware\\Authenticate->handle()
#24 C:\\Users\\MFArief\\Documents\\project\\laravel\\hedgecare\\vendor\\laravel\\framework\\src\\Illuminate\\Pipeline\\Pipeline.php(116): Illuminate\\Pipeline\\Pipeline->Illuminate\\Pipeline\\{closure}()
#25 C:\\Users\\MFArief\\Documents\\project\\laravel\\hedgecare\\vendor\\laravel\\framework\\src\\Illuminate\\Routing\\Router.php(797): Illuminate\\Pipeline\\Pipeline->then()
#26 C:\\Users\\MFArief\\Documents\\project\\laravel\\hedgecare\\vendor\\laravel\\framework\\src\\Illuminate\\Routing\\Router.php(776): Illuminate\\Routing\\Router->runRouteWithinStack()
#27 C:\\Users\\MFArief\\Documents\\project\\laravel\\hedgecare\\vendor\\laravel\\framework\\src\\Illuminate\\Routing\\Router.php(740): Illuminate\\Routing\\Router->runRoute()
#28 C:\\Users\\MFArief\\Documents\\project\\laravel\\hedgecare\\vendor\\laravel\\framework\\src\\Illuminate\\Routing\\Router.php(729): Illuminate\\Routing\\Router->dispatchToRoute()
#29 C:\\Users\\MFArief\\Documents\\project\\laravel\\hedgecare\\vendor\\laravel\\framework\\src\\Illuminate\\Foundation\\Http\\Kernel.php(190): Illuminate\\Routing\\Router->dispatch()
#30 C:\\Users\\MFArief\\Documents\\project\\laravel\\hedgecare\\vendor\\laravel\\framework\\src\\Illuminate\\Pipeline\\Pipeline.php(141): Illuminate\\Foundation\\Http\\Kernel->Illuminate\\Foundation\\Http\\{closure}()
#31 C:\\Users\\MFArief\\Documents\\project\\laravel\\hedgecare\\vendor\\laravel\\framework\\src\\Illuminate\\Foundation\\Http\\Middleware\\TransformsRequest.php(21): Illuminate\\Pipeline\\Pipeline->Illuminate\\Pipeline\\{closure}()
#32 C:\\Users\\MFArief\\Documents\\project\\laravel\\hedgecare\\vendor\\laravel\\framework\\src\\Illuminate\\Foundation\\Http\\Middleware\\ConvertEmptyStringsToNull.php(31): Illuminate\\Foundation\\Http\\Middleware\\TransformsRequest->handle()
#33 C:\\Users\\MFArief\\Documents\\project\\laravel\\hedgecare\\vendor\\laravel\\framework\\src\\Illuminate\\Pipeline\\Pipeline.php(180): Illuminate\\Foundation\\Http\\Middleware\\ConvertEmptyStringsToNull->handle()
#34 C:\\Users\\MFArief\\Documents\\project\\laravel\\hedgecare\\vendor\\laravel\\framework\\src\\Illuminate\\Foundation\\Http\\Middleware\\TransformsRequest.php(21): Illuminate\\Pipeline\\Pipeline->Illuminate\\Pipeline\\{closure}()
#35 C:\\Users\\MFArief\\Documents\\project\\laravel\\hedgecare\\vendor\\laravel\\framework\\src\\Illuminate\\Foundation\\Http\\Middleware\\TrimStrings.php(40): Illuminate\\Foundation\\Http\\Middleware\\TransformsRequest->handle()
#36 C:\\Users\\MFArief\\Documents\\project\\laravel\\hedgecare\\vendor\\laravel\\framework\\src\\Illuminate\\Pipeline\\Pipeline.php(180): Illuminate\\Foundation\\Http\\Middleware\\TrimStrings->handle()
#37 C:\\Users\\MFArief\\Documents\\project\\laravel\\hedgecare\\vendor\\laravel\\framework\\src\\Illuminate\\Foundation\\Http\\Middleware\\ValidatePostSize.php(27): Illuminate\\Pipeline\\Pipeline->Illuminate\\Pipeline\\{closure}()
#38 C:\\Users\\MFArief\\Documents\\project\\laravel\\hedgecare\\vendor\\laravel\\framework\\src\\Illuminate\\Pipeline\\Pipeline.php(180): Illuminate\\Foundation\\Http\\Middleware\\ValidatePostSize->handle()
#39 C:\\Users\\MFArief\\Documents\\project\\laravel\\hedgecare\\vendor\\laravel\\framework\\src\\Illuminate\\Foundation\\Http\\Middleware\\PreventRequestsDuringMaintenance.php(86): Illuminate\\Pipeline\\Pipeline->Illuminate\\Pipeline\\{closure}()
#40 C:\\Users\\MFArief\\Documents\\project\\laravel\\hedgecare\\vendor\\laravel\\framework\\src\\Illuminate\\Pipeline\\Pipeline.php(180): Illuminate\\Foundation\\Http\\Middleware\\PreventRequestsDuringMaintenance->handle()
#41 C:\\Users\\MFArief\\Documents\\project\\laravel\\hedgecare\\vendor\\laravel\\framework\\src\\Illuminate\\Http\\Middleware\\HandleCors.php(62): Illuminate\\Pipeline\\Pipeline->Illuminate\\Pipeline\\{closure}()
#42 C:\\Users\\MFArief\\Documents\\project\\laravel\\hedgecare\\vendor\\laravel\\framework\\src\\Illuminate\\Pipeline\\Pipeline.php(180): Illuminate\\Http\\Middleware\\HandleCors->handle()
#43 C:\\Users\\MFArief\\Documents\\project\\laravel\\hedgecare\\vendor\\laravel\\framework\\src\\Illuminate\\Http\\Middleware\\TrustProxies.php(39): Illuminate\\Pipeline\\Pipeline->Illuminate\\Pipeline\\{closure}()
#44 C:\\Users\\MFArief\\Documents\\project\\laravel\\hedgecare\\vendor\\laravel\\framework\\src\\Illuminate\\Pipeline\\Pipeline.php(180): Illuminate\\Http\\Middleware\\TrustProxies->handle()
#45 C:\\Users\\MFArief\\Documents\\project\\laravel\\hedgecare\\vendor\\laravel\\framework\\src\\Illuminate\\Pipeline\\Pipeline.php(116): Illuminate\\Pipeline\\Pipeline->Illuminate\\Pipeline\\{closure}()
#46 C:\\Users\\MFArief\\Documents\\project\\laravel\\hedgecare\\vendor\\laravel\\framework\\src\\Illuminate\\Foundation\\Http\\Kernel.php(165): Illuminate\\Pipeline\\Pipeline->then()
#47 C:\\Users\\MFArief\\Documents\\project\\laravel\\hedgecare\\vendor\\laravel\\framework\\src\\Illuminate\\Foundation\\Http\\Kernel.php(134): Illuminate\\Foundation\\Http\\Kernel->sendRequestThroughRouter()
#48 C:\\Users\\MFArief\\Documents\\project\\laravel\\hedgecare\\public\\index.php(51): Illuminate\\Foundation\\Http\\Kernel->handle()
#49 C:\\Users\\MFArief\\Documents\\project\\laravel\\hedgecare\\vendor\\laravel\\framework\\src\\Illuminate\\Foundation\\resources\\server.php(16): require_once('...')
#50 {main}
"} 
[2023-05-30 19:34:44] local.ERROR: Uncaught InvalidArgumentException: Please provide a valid cache path. in C:\Users\MFArief\Documents\project\laravel\hedgecare\vendor\laravel\framework\src\Illuminate\View\Compilers\Compiler.php:66
Stack trace:
#0 C:\Users\MFArief\Documents\project\laravel\hedgecare\vendor\laravel\framework\src\Illuminate\View\ViewServiceProvider.php(96): Illuminate\View\Compilers\Compiler->__construct()
#1 C:\Users\MFArief\Documents\project\laravel\hedgecare\vendor\laravel\framework\src\Illuminate\Container\Container.php(885): Illuminate\View\ViewServiceProvider->Illuminate\View\{closure}()
#2 C:\Users\MFArief\Documents\project\laravel\hedgecare\vendor\laravel\framework\src\Illuminate\Container\Container.php(770): Illuminate\Container\Container->build()
#3 C:\Users\MFArief\Documents\project\laravel\hedgecare\vendor\laravel\framework\src\Illuminate\Foundation\Application.php(856): Illuminate\Container\Container->resolve()
#4 C:\Users\MFArief\Documents\project\laravel\hedgecare\vendor\laravel\framework\src\Illuminate\Container\Container.php(706): Illuminate\Foundation\Application->resolve()
#5 C:\Users\MFArief\Documents\project\laravel\hedgecare\vendor\laravel\framework\src\Illuminate\Foundation\Application.php(841): Illuminate\Container\Container->make()
#6 C:\Users\MFArief\Documents\project\laravel\hedgecare\vendor\laravel\framework\src\Illuminate\Foundation\helpers.php(120): Illuminate\Foundation\Application->make()
#7 Command line code(1): app()
#8 {main}
  thrown {"exception":"[object] (Symfony\\Component\\ErrorHandler\\Error\\FatalError(code: 0): Uncaught InvalidArgumentException: Please provide a valid cache path. in C:\\Users\\MFArief\\Documents\\project\\laravel\\hedgecare\\vendor\\laravel\\framework\\src\\Illuminate\\View\\Compilers\\Compiler.php:66
Stack trace:
#0 C:\\Users\\MFArief\\Documents\\project\\laravel\\hedgecare\\vendor\\laravel\\framework\\src\\Illuminate\\View\\ViewServiceProvider.php(96): Illuminate\\View\\Compilers\\Compiler->__construct()
#1 C:\\Users\\MFArief\\Documents\\project\\laravel\\hedgecare\\vendor\\laravel\\framework\\src\\Illuminate\\Container\\Container.php(885): Illuminate\\View\\ViewServiceProvider->Illuminate\\View\\{closure}()
#2 C:\\Users\\MFArief\\Documents\\project\\laravel\\hedgecare\\vendor\\laravel\\framework\\src\\Illuminate\\Container\\Container.php(770): Illuminate\\Container\\Container->build()
#3 C:\\Users\\MFArief\\Documents\\project\\laravel\\hedgecare\\vendor\\laravel\\framework\\src\\Illuminate\\Foundation\\Application.php(856): Illuminate\\Container\\Container->resolve()
#4 C:\\Users\\MFArief\\Documents\\project\\laravel\\hedgecare\\vendor\\laravel\\framework\\src\\Illuminate\\Container\\Container.php(706): Illuminate\\Foundation\\Application->resolve()
#5 C:\\Users\\MFArief\\Documents\\project\\laravel\\hedgecare\\vendor\\laravel\\framework\\src\\Illuminate\\Foundation\\Application.php(841): Illuminate\\Container\\Container->make()
#6 C:\\Users\\MFArief\\Documents\\project\\laravel\\hedgecare\\vendor\\laravel\\framework\\src\\Illuminate\\Foundation\\helpers.php(120): Illuminate\\Foundation\\Application->make()
#7 Command line code(1): app()
#8 {main}
  thrown at C:\\Users\\MFArief\\Documents\\project\\laravel\\hedgecare\\vendor\\laravel\\framework\\src\\Illuminate\\View\\Compilers\\Compiler.php:66)
[stacktrace]
#0 {main}
"} 
[2023-05-30 19:36:30] local.ERROR: Unable to create a directory at C:\Users\MFArief\Documents\project\laravel\hedgecare../\app. {"userId":1,"exception":"[object] (League\\Flysystem\\UnableToCreateDirectory(code: 0): Unable to create a directory at C:\\Users\\MFArief\\Documents\\project\\laravel\\hedgecare../\\app. at C:\\Users\\MFArief\\Documents\\project\\laravel\\hedgecare\\vendor\\league\\flysystem\\src\\UnableToCreateDirectory.php:18)
[stacktrace]
#0 C:\\Users\\MFArief\\Documents\\project\\laravel\\hedgecare\\vendor\\league\\flysystem-local\\LocalFilesystemAdapter.php(313): League\\Flysystem\\UnableToCreateDirectory::atLocation()
#1 C:\\Users\\MFArief\\Documents\\project\\laravel\\hedgecare\\vendor\\league\\flysystem-local\\LocalFilesystemAdapter.php(97): League\\Flysystem\\Local\\LocalFilesystemAdapter->ensureDirectoryExists()
#2 C:\\Users\\MFArief\\Documents\\project\\laravel\\hedgecare\\vendor\\league\\flysystem-local\\LocalFilesystemAdapter.php(87): League\\Flysystem\\Local\\LocalFilesystemAdapter->ensureRootDirectoryExists()
#3 C:\\Users\\MFArief\\Documents\\project\\laravel\\hedgecare\\vendor\\laravel\\framework\\src\\Illuminate\\Filesystem\\FilesystemManager.php(183): League\\Flysystem\\Local\\LocalFilesystemAdapter->__construct()
#4 C:\\Users\\MFArief\\Documents\\project\\laravel\\hedgecare\\vendor\\laravel\\framework\\src\\Illuminate\\Filesystem\\FilesystemManager.php(152): Illuminate\\Filesystem\\FilesystemManager->createLocalDriver()
#5 C:\\Users\\MFArief\\Documents\\project\\laravel\\hedgecare\\vendor\\laravel\\framework\\src\\Illuminate\\Filesystem\\FilesystemManager.php(120): Illuminate\\Filesystem\\FilesystemManager->resolve()
#6 C:\\Users\\MFArief\\Documents\\project\\laravel\\hedgecare\\vendor\\laravel\\framework\\src\\Illuminate\\Filesystem\\FilesystemManager.php(83): Illuminate\\Filesystem\\FilesystemManager->get()
#7 C:\\Users\\MFArief\\Documents\\project\\laravel\\hedgecare\\vendor\\laravel\\framework\\src\\Illuminate\\Filesystem\\FilesystemManager.php(427): Illuminate\\Filesystem\\FilesystemManager->disk()
#8 C:\\Users\\MFArief\\Documents\\project\\laravel\\hedgecare\\vendor\\laravel\\framework\\src\\Illuminate\\Support\\Facades\\Facade.php(338): Illuminate\\Filesystem\\FilesystemManager->__call()
#9 C:\\Users\\MFArief\\Documents\\project\\laravel\\hedgecare\\app\\Http\\Controllers\\AuthController.php(192): Illuminate\\Support\\Facades\\Facade::__callStatic()
#10 C:\\Users\\MFArief\\Documents\\project\\laravel\\hedgecare\\vendor\\laravel\\framework\\src\\Illuminate\\Routing\\Controller.php(54): App\\Http\\Controllers\\AuthController->updateProfile()
#11 C:\\Users\\MFArief\\Documents\\project\\laravel\\hedgecare\\vendor\\laravel\\framework\\src\\Illuminate\\Routing\\ControllerDispatcher.php(43): Illuminate\\Routing\\Controller->callAction()
#12 C:\\Users\\MFArief\\Documents\\project\\laravel\\hedgecare\\vendor\\laravel\\framework\\src\\Illuminate\\Routing\\Route.php(259): Illuminate\\Routing\\ControllerDispatcher->dispatch()
#13 C:\\Users\\MFArief\\Documents\\project\\laravel\\hedgecare\\vendor\\laravel\\framework\\src\\Illuminate\\Routing\\Route.php(205): Illuminate\\Routing\\Route->runController()
#14 C:\\Users\\MFArief\\Documents\\project\\laravel\\hedgecare\\vendor\\laravel\\framework\\src\\Illuminate\\Routing\\Router.php(798): Illuminate\\Routing\\Route->run()
#15 C:\\Users\\MFArief\\Documents\\project\\laravel\\hedgecare\\vendor\\laravel\\framework\\src\\Illuminate\\Pipeline\\Pipeline.php(141): Illuminate\\Routing\\Router->Illuminate\\Routing\\{closure}()
#16 C:\\Users\\MFArief\\Documents\\project\\laravel\\hedgecare\\vendor\\laravel\\framework\\src\\Illuminate\\Routing\\Middleware\\SubstituteBindings.php(50): Illuminate\\Pipeline\\Pipeline->Illuminate\\Pipeline\\{closure}()
#17 C:\\Users\\MFArief\\Documents\\project\\laravel\\hedgecare\\vendor\\laravel\\framework\\src\\Illuminate\\Pipeline\\Pipeline.php(180): Illuminate\\Routing\\Middleware\\SubstituteBindings->handle()
#18 C:\\Users\\MFArief\\Documents\\project\\laravel\\hedgecare\\vendor\\laravel\\framework\\src\\Illuminate\\Routing\\Middleware\\ThrottleRequests.php(126): Illuminate\\Pipeline\\Pipeline->Illuminate\\Pipeline\\{closure}()
#19 C:\\Users\\MFArief\\Documents\\project\\laravel\\hedgecare\\vendor\\laravel\\framework\\src\\Illuminate\\Routing\\Middleware\\ThrottleRequests.php(92): Illuminate\\Routing\\Middleware\\ThrottleRequests->handleRequest()
#20 C:\\Users\\MFArief\\Documents\\project\\laravel\\hedgecare\\vendor\\laravel\\framework\\src\\Illuminate\\Routing\\Middleware\\ThrottleRequests.php(54): Illuminate\\Routing\\Middleware\\ThrottleRequests->handleRequestUsingNamedLimiter()
#21 C:\\Users\\MFArief\\Documents\\project\\laravel\\hedgecare\\vendor\\laravel\\framework\\src\\Illuminate\\Pipeline\\Pipeline.php(180): Illuminate\\Routing\\Middleware\\ThrottleRequests->handle()
#22 C:\\Users\\MFArief\\Documents\\project\\laravel\\hedgecare\\vendor\\laravel\\framework\\src\\Illuminate\\Auth\\Middleware\\Authenticate.php(44): Illuminate\\Pipeline\\Pipeline->Illuminate\\Pipeline\\{closure}()
#23 C:\\Users\\MFArief\\Documents\\project\\laravel\\hedgecare\\vendor\\laravel\\framework\\src\\Illuminate\\Pipeline\\Pipeline.php(180): Illuminate\\Auth\\Middleware\\Authenticate->handle()
#24 C:\\Users\\MFArief\\Documents\\project\\laravel\\hedgecare\\vendor\\laravel\\framework\\src\\Illuminate\\Pipeline\\Pipeline.php(116): Illuminate\\Pipeline\\Pipeline->Illuminate\\Pipeline\\{closure}()
#25 C:\\Users\\MFArief\\Documents\\project\\laravel\\hedgecare\\vendor\\laravel\\framework\\src\\Illuminate\\Routing\\Router.php(797): Illuminate\\Pipeline\\Pipeline->then()
#26 C:\\Users\\MFArief\\Documents\\project\\laravel\\hedgecare\\vendor\\laravel\\framework\\src\\Illuminate\\Routing\\Router.php(776): Illuminate\\Routing\\Router->runRouteWithinStack()
#27 C:\\Users\\MFArief\\Documents\\project\\laravel\\hedgecare\\vendor\\laravel\\framework\\src\\Illuminate\\Routing\\Router.php(740): Illuminate\\Routing\\Router->runRoute()
#28 C:\\Users\\MFArief\\Documents\\project\\laravel\\hedgecare\\vendor\\laravel\\framework\\src\\Illuminate\\Routing\\Router.php(729): Illuminate\\Routing\\Router->dispatchToRoute()
#29 C:\\Users\\MFArief\\Documents\\project\\laravel\\hedgecare\\vendor\\laravel\\framework\\src\\Illuminate\\Foundation\\Http\\Kernel.php(190): Illuminate\\Routing\\Router->dispatch()
#30 C:\\Users\\MFArief\\Documents\\project\\laravel\\hedgecare\\vendor\\laravel\\framework\\src\\Illuminate\\Pipeline\\Pipeline.php(141): Illuminate\\Foundation\\Http\\Kernel->Illuminate\\Foundation\\Http\\{closure}()
#31 C:\\Users\\MFArief\\Documents\\project\\laravel\\hedgecare\\vendor\\laravel\\framework\\src\\Illuminate\\Foundation\\Http\\Middleware\\TransformsRequest.php(21): Illuminate\\Pipeline\\Pipeline->Illuminate\\Pipeline\\{closure}()
#32 C:\\Users\\MFArief\\Documents\\project\\laravel\\hedgecare\\vendor\\laravel\\framework\\src\\Illuminate\\Foundation\\Http\\Middleware\\ConvertEmptyStringsToNull.php(31): Illuminate\\Foundation\\Http\\Middleware\\TransformsRequest->handle()
#33 C:\\Users\\MFArief\\Documents\\project\\laravel\\hedgecare\\vendor\\laravel\\framework\\src\\Illuminate\\Pipeline\\Pipeline.php(180): Illuminate\\Foundation\\Http\\Middleware\\ConvertEmptyStringsToNull->handle()
#34 C:\\Users\\MFArief\\Documents\\project\\laravel\\hedgecare\\vendor\\laravel\\framework\\src\\Illuminate\\Foundation\\Http\\Middleware\\TransformsRequest.php(21): Illuminate\\Pipeline\\Pipeline->Illuminate\\Pipeline\\{closure}()
#35 C:\\Users\\MFArief\\Documents\\project\\laravel\\hedgecare\\vendor\\laravel\\framework\\src\\Illuminate\\Foundation\\Http\\Middleware\\TrimStrings.php(40): Illuminate\\Foundation\\Http\\Middleware\\TransformsRequest->handle()
#36 C:\\Users\\MFArief\\Documents\\project\\laravel\\hedgecare\\vendor\\laravel\\framework\\src\\Illuminate\\Pipeline\\Pipeline.php(180): Illuminate\\Foundation\\Http\\Middleware\\TrimStrings->handle()
#37 C:\\Users\\MFArief\\Documents\\project\\laravel\\hedgecare\\vendor\\laravel\\framework\\src\\Illuminate\\Foundation\\Http\\Middleware\\ValidatePostSize.php(27): Illuminate\\Pipeline\\Pipeline->Illuminate\\Pipeline\\{closure}()
#38 C:\\Users\\MFArief\\Documents\\project\\laravel\\hedgecare\\vendor\\laravel\\framework\\src\\Illuminate\\Pipeline\\Pipeline.php(180): Illuminate\\Foundation\\Http\\Middleware\\ValidatePostSize->handle()
#39 C:\\Users\\MFArief\\Documents\\project\\laravel\\hedgecare\\vendor\\laravel\\framework\\src\\Illuminate\\Foundation\\Http\\Middleware\\PreventRequestsDuringMaintenance.php(86): Illuminate\\Pipeline\\Pipeline->Illuminate\\Pipeline\\{closure}()
#40 C:\\Users\\MFArief\\Documents\\project\\laravel\\hedgecare\\vendor\\laravel\\framework\\src\\Illuminate\\Pipeline\\Pipeline.php(180): Illuminate\\Foundation\\Http\\Middleware\\PreventRequestsDuringMaintenance->handle()
#41 C:\\Users\\MFArief\\Documents\\project\\laravel\\hedgecare\\vendor\\laravel\\framework\\src\\Illuminate\\Http\\Middleware\\HandleCors.php(62): Illuminate\\Pipeline\\Pipeline->Illuminate\\Pipeline\\{closure}()
#42 C:\\Users\\MFArief\\Documents\\project\\laravel\\hedgecare\\vendor\\laravel\\framework\\src\\Illuminate\\Pipeline\\Pipeline.php(180): Illuminate\\Http\\Middleware\\HandleCors->handle()
#43 C:\\Users\\MFArief\\Documents\\project\\laravel\\hedgecare\\vendor\\laravel\\framework\\src\\Illuminate\\Http\\Middleware\\TrustProxies.php(39): Illuminate\\Pipeline\\Pipeline->Illuminate\\Pipeline\\{closure}()
#44 C:\\Users\\MFArief\\Documents\\project\\laravel\\hedgecare\\vendor\\laravel\\framework\\src\\Illuminate\\Pipeline\\Pipeline.php(180): Illuminate\\Http\\Middleware\\TrustProxies->handle()
#45 C:\\Users\\MFArief\\Documents\\project\\laravel\\hedgecare\\vendor\\laravel\\framework\\src\\Illuminate\\Pipeline\\Pipeline.php(116): Illuminate\\Pipeline\\Pipeline->Illuminate\\Pipeline\\{closure}()
#46 C:\\Users\\MFArief\\Documents\\project\\laravel\\hedgecare\\vendor\\laravel\\framework\\src\\Illuminate\\Foundation\\Http\\Kernel.php(165): Illuminate\\Pipeline\\Pipeline->then()
#47 C:\\Users\\MFArief\\Documents\\project\\laravel\\hedgecare\\vendor\\laravel\\framework\\src\\Illuminate\\Foundation\\Http\\Kernel.php(134): Illuminate\\Foundation\\Http\\Kernel->sendRequestThroughRouter()
#48 C:\\Users\\MFArief\\Documents\\project\\laravel\\hedgecare\\public\\index.php(51): Illuminate\\Foundation\\Http\\Kernel->handle()
#49 C:\\Users\\MFArief\\Documents\\project\\laravel\\hedgecare\\vendor\\laravel\\framework\\src\\Illuminate\\Foundation\\resources\\server.php(16): require_once('...')
#50 {main}
"} 
